{"/Users/liujiahao/Desktop/project/node-use/unitTest/test.js":{"path":"/Users/liujiahao/Desktop/project/node-use/unitTest/test.js","s":{"1":1,"2":1,"3":1,"4":1,"5":1,"6":1,"7":1,"8":1,"9":1,"10":1,"11":1},"b":{},"f":{},"fnMap":{},"statementMap":{"1":{"start":{"line":1,"column":0},"end":{"line":1,"column":37}},"2":{"start":{"line":5,"column":0},"end":{"line":5,"column":46}},"3":{"start":{"line":12,"column":0},"end":{"line":26,"column":2}},"4":{"start":{"line":13,"column":4},"end":{"line":20,"column":6}},"5":{"start":{"line":14,"column":8},"end":{"line":16,"column":10}},"6":{"start":{"line":15,"column":12},"end":{"line":15,"column":30}},"7":{"start":{"line":17,"column":8},"end":{"line":19,"column":10}},"8":{"start":{"line":18,"column":12},"end":{"line":18,"column":32}},"9":{"start":{"line":21,"column":4},"end":{"line":25,"column":6}},"10":{"start":{"line":22,"column":8},"end":{"line":24,"column":10}},"11":{"start":{"line":23,"column":12},"end":{"line":23,"column":30}}},"branchMap":{}},"/Users/liujiahao/Desktop/project/node-use/unitTest/number.js":{"path":"/Users/liujiahao/Desktop/project/node-use/unitTest/number.js","s":{"1":1,"2":2,"3":2,"4":1,"5":1},"b":{},"f":{"1":2,"2":1},"fnMap":{"1":{"name":"(anonymous_1)","line":2,"loc":{"start":{"line":2,"column":7},"end":{"line":2,"column":16}}},"2":{"name":"(anonymous_2)","line":7,"loc":{"start":{"line":7,"column":7},"end":{"line":7,"column":16}}}},"statementMap":{"1":{"start":{"line":1,"column":0},"end":{"line":12,"column":1}},"2":{"start":{"line":3,"column":8},"end":{"line":5,"column":10}},"3":{"start":{"line":4,"column":12},"end":{"line":4,"column":24}},"4":{"start":{"line":8,"column":8},"end":{"line":10,"column":10}},"5":{"start":{"line":9,"column":12},"end":{"line":9,"column":24}}},"branchMap":{}}}